<?xml version="1.0" encoding="UTF-8" ?>
<testsuite tests="1" failures="0" name="MQinMQOutTest" time="0" errors="1" skipped="0">
  <properties>
    <property name="java.vendor" value="IBM Corporation"/>
    <property name="sun.java.launcher" value="SUN_STANDARD"/>
    <property name="os.name" value="Windows 10"/>
    <property name="sun.boot.class.path" value="C:\Program Files\IBM\IIB\10.0.0.16\common\jdk\jre\bin\compressedrefs\jclSC180\vm.jar;C:\Program Files\IBM\IIB\10.0.0.16\common\jdk\jre\lib\se-service.jar;C:\Program Files\IBM\IIB\10.0.0.16\common\jdk\jre\lib\cuda4j.jar;C:\Program Files\IBM\IIB\10.0.0.16\common\jdk\jre\lib\math.jar;C:\Program Files\IBM\IIB\10.0.0.16\common\jdk\jre\lib\ibmorb.jar;C:\Program Files\IBM\IIB\10.0.0.16\common\jdk\jre\lib\ibmorbapi.jar;C:\Program Files\IBM\IIB\10.0.0.16\common\jdk\jre\lib\ibmcfw.jar;C:\Program Files\IBM\IIB\10.0.0.16\common\jdk\jre\lib\ibmpkcs.jar;C:\Program Files\IBM\IIB\10.0.0.16\common\jdk\jre\lib\ibmcertpathfw.jar;C:\Program Files\IBM\IIB\10.0.0.16\common\jdk\jre\lib\ibmjgssfw.jar;C:\Program Files\IBM\IIB\10.0.0.16\common\jdk\jre\lib\ibmjssefw.jar;C:\Program Files\IBM\IIB\10.0.0.16\common\jdk\jre\lib\ibmsaslfw.jar;C:\Program Files\IBM\IIB\10.0.0.16\common\jdk\jre\lib\ibmjcefw.jar;C:\Program Files\IBM\IIB\10.0.0.16\common\jdk\jre\lib\ibmjgssprovider.jar;C:\Program Files\IBM\IIB\10.0.0.16\common\jdk\jre\lib\ibmjsseprovider2.jar;C:\Program Files\IBM\IIB\10.0.0.16\common\jdk\jre\lib\ibmcertpathprovider.jar;C:\Program Files\IBM\IIB\10.0.0.16\common\jdk\jre\lib\xmldsigfw.jar;C:\Program Files\IBM\IIB\10.0.0.16\common\jdk\jre\lib\xml.jar;C:\Program Files\IBM\IIB\10.0.0.16\common\jdk\jre\lib\charsets.jar;C:\Program Files\IBM\IIB\10.0.0.16\common\jdk\jre\lib\resources.jar;C:\Program Files\IBM\IIB\10.0.0.16\common\jdk\jre\lib\rt.jar;C:\Program Files\IBM\IIB\10.0.0.16\common\jdk\jre\lib\dataaccess.jar"/>
    <property name="sun.desktop" value="windows"/>
    <property name="java.vm.specification.vendor" value="Oracle Corporation"/>
    <property name="java.runtime.version" value="8.0.5.20 - pwa6480sr5fp20-20180802_01(SR5 FP20)"/>
    <property name="https.protocols" value="TLSv1,TLSv1.1,TLSv1.2"/>
    <property name="user.name" value="admin"/>
    <property name="java.compiler" value="j9jit29"/>
    <property name="os.encoding" value="UTF8"/>
    <property name="guice.disable.misplaced.annotation.check" value="true"/>
    <property name="com.ibm.util.extralibs.properties" value=""/>
    <property name="com.ibm.jcl.checkClassPath" value=""/>
    <property name="user.language" value="de"/>
    <property name="com.ibm.oti.vm.bootstrap.library.path" value="C:\Program Files\IBM\IIB\10.0.0.16\common\jdk\jre\bin\compressedrefs;C:\Program Files\IBM\IIB\10.0.0.16\common\jdk\jre\bin"/>
    <property name="sun.boot.library.path" value="C:\Program Files\IBM\IIB\10.0.0.16\common\jdk\jre\bin\compressedrefs;C:\Program Files\IBM\IIB\10.0.0.16\common\jdk\jre\bin"/>
    <property name="classworlds.conf" value="C:\rockit\workspaces\rockitizer_demo\.metadata\.plugins\org.eclipse.m2e.launching\launches\m2conf4523271247692680909.tmp"/>
    <property name="java.version" value="1.8.0_181"/>
    <property name="user.timezone" value="Europe/Berlin"/>
    <property name="com.ibm.system.agent.path" value="C:\Program Files\IBM\IIB\10.0.0.16\common\jdk\jre\bin"/>
    <property name="sun.arch.data.model" value="64"/>
    <property name="com.ibm.zero.version" value="2"/>
    <property name="java.endorsed.dirs" value="C:\Program Files\IBM\IIB\10.0.0.16\common\jdk\jre\lib\endorsed"/>
    <property name="com.ibm.oti.vm.library.version" value="29"/>
    <property name="sun.jnu.encoding" value="Cp1252"/>
    <property name="file.encoding.pkg" value="sun.io"/>
    <property name="file.separator" value="\"/>
    <property name="java.specification.name" value="Java Platform API Specification"/>
    <property name="env" value="alex"/>
    <property name="java.class.version" value="52.0"/>
    <property name="org.slf4j.simpleLogger.defaultLogLevel" value="info"/>
    <property name="user.country" value="DE"/>
    <property name="java.home" value="C:\Program Files\IBM\IIB\10.0.0.16\common\jdk\jre"/>
    <property name="java.vm.info" value="JRE 1.8.0 Windows 10 amd64-64-Bit Compressed References 20180731_393394 (JIT enabled, AOT enabled)
OpenJ9   - bd23af8
OMR      - ca1411c
IBM      - 98805ca"/>
    <property name="os.version" value="10.0"/>
    <property name="java.awt.fonts" value=""/>
    <property name="path.separator" value=";"/>
    <property name="java.vm.version" value="2.9"/>
    <property name="user.variant" value=""/>
    <property name="java.awt.printerjob" value="sun.awt.windows.WPrinterJob"/>
    <property name="sun.io.unicode.encoding" value="UnicodeLittle"/>
    <property name="awt.toolkit" value="sun.awt.windows.WToolkit"/>
    <property name="ibm.signalhandling.sigint" value="true"/>
    <property name="user.home" value="C:\Users\admin"/>
    <property name="com.ibm.cpu.endian" value="little"/>
    <property name="java.specification.vendor" value="Oracle Corporation"/>
    <property name="ibm.signalhandling.sigchain" value="true"/>
    <property name="java.library.path" value="C:\Program Files\IBM\IIB\10.0.0.16\common\jdk\jre\bin\compressedrefs;C:\Program Files\IBM\IIB\10.0.0.16\common\jdk\jre\bin;C:\WINDOWS\system32;C:\WINDOWS;C:\Program Files\IBM\MQ\java\lib64;C:\Program Files\IBM\IIB\10.0.0.16\;C:\Program Files\IBM\IIB\10.0.0.16\server\bin;C:\Program Files\IBM\IIB\10.0.0.16\tools;C:\Program Files\IBM\IIB\10.0.0.16\common\jdk\jre\bin;C:\ProgramData\IBM\MQSI\extensions\10.0.0\server\bin;C:\ProgramData\IBM\MQSI\extensions\10.0.0\bin;C:\Program Files\IBM\IIB\10.0.0.16\server\bin\mosquitto;C:\Program Files\IBM\IIB\10.0.0.16\server\bin;C:\Program Files\IBM\IIB\10.0.0.16\common\node;C:\Program Files\IBM\IIB\10.0.0.16\server\isadc;C:\Program Files\IBM\IIB\10.0.0.16\tools;C:\Program Files (x86)\Common Files\Oracle\Java\javapath;C:\Program Files\IBM\MQ\java\lib;C:\Program Files\IBM\MQ\java\lib64;C:\Windows\System32;C:\Windows;C:\Windows\System32\wbem;C:\Windows\System32\WindowsPowerShell\v1.0\;C:\Program Files\IBM\gsk8\lib64;C:\Program Files (x86)\ibm\gsk8\lib;C:\Program Files\IBM\SQLLIB_01\BIN;C:\Program Files\IBM\SQLLIB_01\FUNCTION;C:\Program Files\IBM\MQ\bin64;C:\Program Files\IBM\MQ\bin;C:\Program Files\IBM\MQ\Tools\c\Samples\Bin;C:\Program Files\TortoiseSVN\bin;C:\Windows\System32\OpenSSH\;C:\Program Files\Java\jdk1.8.0_231\bin;C:\Program Files\Git\cmd;C:\WINDOWS\system32;C:\WINDOWS;C:\WINDOWS\System32\Wbem;C:\WINDOWS\System32\WindowsPowerShell\v1.0\;C:\WINDOWS\System32\OpenSSH\;C:\Users\admin\AppData\Local\Microsoft\WindowsApps;C:\Users\admin\AppData\Local\GitHubDesktop\bin;%USERPROFILE%\AppData\Local\Microsoft\WindowsApps;;."/>
    <property name="java.vendor.url" value="http://www.ibm.com"/>
    <property name="java.vm.vendor" value="IBM Corporation"/>
    <property name="java.fullversion" value="8.0.5.20 - pwa6480sr5fp20-20180802_01(SR5 FP20)
JRE 1.8.0 Windows 10 amd64-64-Bit Compressed References 20180731_393394 (JIT enabled, AOT enabled)
OpenJ9   - bd23af8
OMR      - ca1411c
IBM      - 98805ca"/>
    <property name="maven.home" value="C:\rockit\projects\github\test.rockitizer.demo\demo.rockitizer\EMBEDDED"/>
    <property name="java.runtime.name" value="Java(TM) SE Runtime Environment"/>
    <property name="sun.java.command" value="org.codehaus.plexus.classworlds.launcher.Launcher -B -U clean install -Denv=alex"/>
    <property name="java.class.path" value="/C:/Program Files/IBM/IIB/10.0.0.16/tools/plugins/org.eclipse.m2e.maven.runtime_1.5.1.20150109-1819/jars/plexus-classworlds-2.5.1.jar"/>
    <property name="java.vm.specification.name" value="Java Virtual Machine Specification"/>
    <property name="java.vm.specification.version" value="1.8"/>
    <property name="m2eclipse.workspace.state" value="C:\rockit\workspaces\rockitizer_demo\.metadata\.plugins\org.eclipse.m2e.core\workspacestate.properties"/>
    <property name="sun.cpu.endian" value="little"/>
    <property name="java.io.tmpdir" value="C:\Users\admin\AppData\Local\Temp\"/>
    <property name="ibm.system.encoding" value="Cp1252"/>
    <property name="os.arch" value="amd64"/>
    <property name="java.awt.graphicsenv" value="sun.awt.Win32GraphicsEnvironment"/>
    <property name="ibm.signalhandling.rs" value="false"/>
    <property name="java.ext.dirs" value="C:\Program Files\IBM\IIB\10.0.0.16\common\jdk\jre\lib\ext"/>
    <property name="user.dir" value="C:\rockit\projects\github\test.rockitizer.demo\demo.rockitizer"/>
    <property name="line.separator" value="
"/>
    <property name="java.vm.name" value="IBM J9 VM"/>
    <property name="com.ibm.oti.shared.enabled" value="false"/>
    <property name="com.ibm.vm.bitmode" value="64"/>
    <property name="file.encoding" value="Cp1252"/>
    <property name="com.ibm.oti.configuration" value="scar"/>
    <property name="java.specification.version" value="1.8"/>
  </properties>
  <testcase classname="MQinMQOutTest" name="testAddMsgToMQFlow" time="0">
    <error message="configuration initialization exception" type="com.rockit.common.blackboxtester.exceptions.FatalConfigurationException">com.rockit.common.blackboxtester.exceptions.FatalConfigurationException: configuration initialization exception
	at io.github.rockitconsulting.test.rockitizer.configuration.Configuration.&lt;init&gt;(Configuration.java:79)
	at io.github.rockitconsulting.test.rockitizer.configuration.Configuration.&lt;init&gt;(Configuration.java:56)
	at io.github.rockitconsulting.test.rockitizer.configuration.Configuration.configuration(Configuration.java:135)
	at com.rockit.common.blackboxtester.wrapper.AbstractTestWrapper.newTestBuilderFor(AbstractTestWrapper.java:70)
	at MQinMQOutTest.&lt;init&gt;(MQinMQOutTest.java:12)
	at sun.reflect.NativeConstructorAccessorImpl.newInstance0(Native Method)
	at sun.reflect.NativeConstructorAccessorImpl.newInstance(NativeConstructorAccessorImpl.java:83)
	at sun.reflect.DelegatingConstructorAccessorImpl.newInstance(DelegatingConstructorAccessorImpl.java:57)
	at java.lang.reflect.Constructor.newInstance(Constructor.java:437)
	at org.junit.runners.BlockJUnit4ClassRunner.createTest(BlockJUnit4ClassRunner.java:195)
	at org.junit.runners.BlockJUnit4ClassRunner$1.runReflectiveCall(BlockJUnit4ClassRunner.java:244)
	at org.junit.internal.runners.model.ReflectiveCallable.run(ReflectiveCallable.java:12)
	at org.junit.runners.BlockJUnit4ClassRunner.methodBlock(BlockJUnit4ClassRunner.java:241)
	at org.junit.runners.BlockJUnit4ClassRunner.runChild(BlockJUnit4ClassRunner.java:70)
	at org.junit.runners.BlockJUnit4ClassRunner.runChild(BlockJUnit4ClassRunner.java:50)
	at org.junit.runners.ParentRunner$3.run(ParentRunner.java:238)
	at org.junit.runners.ParentRunner$1.schedule(ParentRunner.java:63)
	at org.junit.runners.ParentRunner.runChildren(ParentRunner.java:236)
	at org.junit.runners.ParentRunner.access$000(ParentRunner.java:53)
	at org.junit.runners.ParentRunner$2.evaluate(ParentRunner.java:229)
	at org.junit.runners.ParentRunner.run(ParentRunner.java:309)
	at org.apache.maven.surefire.junit4.JUnit4Provider.execute(JUnit4Provider.java:252)
	at org.apache.maven.surefire.junit4.JUnit4Provider.executeTestSet(JUnit4Provider.java:141)
	at org.apache.maven.surefire.junit4.JUnit4Provider.invoke(JUnit4Provider.java:112)
	at sun.reflect.NativeMethodAccessorImpl.invoke0(Native Method)
	at sun.reflect.NativeMethodAccessorImpl.invoke(NativeMethodAccessorImpl.java:90)
	at sun.reflect.DelegatingMethodAccessorImpl.invoke(DelegatingMethodAccessorImpl.java:55)
	at java.lang.reflect.Method.invoke(Method.java:508)
	at org.apache.maven.surefire.util.ReflectionUtils.invokeMethodWithArray(ReflectionUtils.java:189)
	at org.apache.maven.surefire.booter.ProviderFactory$ProviderProxy.invoke(ProviderFactory.java:165)
	at org.apache.maven.surefire.booter.ProviderFactory.invokeProvider(ProviderFactory.java:85)
	at org.apache.maven.surefire.booter.ForkedBooter.runSuitesInProcess(ForkedBooter.java:115)
	at org.apache.maven.surefire.booter.ForkedBooter.main(ForkedBooter.java:75)
Caused by: java.io.FileNotFoundException: C:\rockit\projects\github\test.rockitizer.demo\demo.rockitizer\src\test\resources\resources-alex.yaml (Das System kann die angegebene Datei nicht finden.)
	at java.io.FileInputStream.open(FileInputStream.java:212)
	at java.io.FileInputStream.&lt;init&gt;(FileInputStream.java:152)
	at java.io.FileInputStream.&lt;init&gt;(FileInputStream.java:104)
	at io.github.rockitconsulting.test.rockitizer.configuration.utils.ConfigUtils.resourcesHolderFromYaml(ConfigUtils.java:96)
	at io.github.rockitconsulting.test.rockitizer.configuration.ResourcesHolderAccessor.resourcesHolderFromYaml(ResourcesHolderAccessor.java:70)
	at io.github.rockitconsulting.test.rockitizer.configuration.ResourcesHolderAccessor.initFromYaml(ResourcesHolderAccessor.java:55)
	at io.github.rockitconsulting.test.rockitizer.configuration.Configuration.handleInitialization(Configuration.java:90)
	at io.github.rockitconsulting.test.rockitizer.configuration.Configuration.&lt;init&gt;(Configuration.java:70)
	... 32 more
</error>
    <system-out>ERROR Critical: configuration initialization exception 


java.io.FileNotFoundException: C:\rockit\projects\github\test.rockitizer.demo\demo.rockitizer\src\test\resources\resources-alex.yaml (Das System kann die angegebene Datei nicht finden.)
	at java.io.FileInputStream.open(FileInputStream.java:212)
	at java.io.FileInputStream.&lt;init&gt;(FileInputStream.java:152)
	at java.io.FileInputStream.&lt;init&gt;(FileInputStream.java:104)
	at io.github.rockitconsulting.test.rockitizer.configuration.utils.ConfigUtils.resourcesHolderFromYaml(ConfigUtils.java:96)
	at io.github.rockitconsulting.test.rockitizer.configuration.ResourcesHolderAccessor.resourcesHolderFromYaml(ResourcesHolderAccessor.java:70)
	at io.github.rockitconsulting.test.rockitizer.configuration.ResourcesHolderAccessor.initFromYaml(ResourcesHolderAccessor.java:55)
	at io.github.rockitconsulting.test.rockitizer.configuration.Configuration.handleInitialization(Configuration.java:90)
	at io.github.rockitconsulting.test.rockitizer.configuration.Configuration.&lt;init&gt;(Configuration.java:70)
	at io.github.rockitconsulting.test.rockitizer.configuration.Configuration.&lt;init&gt;(Configuration.java:56)
	at io.github.rockitconsulting.test.rockitizer.configuration.Configuration.configuration(Configuration.java:135)
	at com.rockit.common.blackboxtester.wrapper.AbstractTestWrapper.newTestBuilderFor(AbstractTestWrapper.java:70)
	at MQinMQOutTest.&lt;init&gt;(MQinMQOutTest.java:12)
	at sun.reflect.NativeConstructorAccessorImpl.newInstance0(Native Method)
	at sun.reflect.NativeConstructorAccessorImpl.newInstance(NativeConstructorAccessorImpl.java:83)
	at sun.reflect.DelegatingConstructorAccessorImpl.newInstance(DelegatingConstructorAccessorImpl.java:57)
	at java.lang.reflect.Constructor.newInstance(Constructor.java:437)
	at org.junit.runners.BlockJUnit4ClassRunner.createTest(BlockJUnit4ClassRunner.java:195)
	at org.junit.runners.BlockJUnit4ClassRunner$1.runReflectiveCall(BlockJUnit4ClassRunner.java:244)
	at org.junit.internal.runners.model.ReflectiveCallable.run(ReflectiveCallable.java:12)
	at org.junit.runners.BlockJUnit4ClassRunner.methodBlock(BlockJUnit4ClassRunner.java:241)
	at org.junit.runners.BlockJUnit4ClassRunner.runChild(BlockJUnit4ClassRunner.java:70)
	at org.junit.runners.BlockJUnit4ClassRunner.runChild(BlockJUnit4ClassRunner.java:50)
	at org.junit.runners.ParentRunner$3.run(ParentRunner.java:238)
	at org.junit.runners.ParentRunner$1.schedule(ParentRunner.java:63)
	at org.junit.runners.ParentRunner.runChildren(ParentRunner.java:236)
	at org.junit.runners.ParentRunner.access$000(ParentRunner.java:53)
	at org.junit.runners.ParentRunner$2.evaluate(ParentRunner.java:229)
	at org.junit.runners.ParentRunner.run(ParentRunner.java:309)
	at org.apache.maven.surefire.junit4.JUnit4Provider.execute(JUnit4Provider.java:252)
	at org.apache.maven.surefire.junit4.JUnit4Provider.executeTestSet(JUnit4Provider.java:141)
	at org.apache.maven.surefire.junit4.JUnit4Provider.invoke(JUnit4Provider.java:112)
	at sun.reflect.NativeMethodAccessorImpl.invoke0(Native Method)
	at sun.reflect.NativeMethodAccessorImpl.invoke(NativeMethodAccessorImpl.java:90)
	at sun.reflect.DelegatingMethodAccessorImpl.invoke(DelegatingMethodAccessorImpl.java:55)
	at java.lang.reflect.Method.invoke(Method.java:508)
	at org.apache.maven.surefire.util.ReflectionUtils.invokeMethodWithArray(ReflectionUtils.java:189)
	at org.apache.maven.surefire.booter.ProviderFactory$ProviderProxy.invoke(ProviderFactory.java:165)
	at org.apache.maven.surefire.booter.ProviderFactory.invokeProvider(ProviderFactory.java:85)
	at org.apache.maven.surefire.booter.ForkedBooter.runSuitesInProcess(ForkedBooter.java:115)
	at org.apache.maven.surefire.booter.ForkedBooter.main(ForkedBooter.java:75)
</system-out>
  </testcase>
</testsuite>